\BOOKMARK [0][-]{section*.2}{\376\377\000M\000e\000t\000r\000o\000p\000o\000l\000i\000s\000\040\000a\000n\000d\000\040\000W\000o\000l\000f\000f\000\040\000M\000o\000n\000t\000e\000\040\000C\000a\000r\000l\000o\000\040\000M\000e\000t\000h\000o\000d\000s\000\040\000f\000o\000r\000\040\000t\000h\000e\000\040\0002\000D\000\040\000I\000s\000i\000n\000g\000\040\000M\000o\000d\000e\000l}{}% 2
\BOOKMARK [1][-]{section*.1}{\376\377\000A\000b\000s\000t\000r\000a\000c\000t}{section*.2}% 1
\BOOKMARK [1][-]{section*.3}{\376\377\000I\000n\000t\000r\000o\000d\000u\000c\000t\000i\000o\000n\000\040\000a\000n\000d\000\040\000P\000h\000y\000s\000i\000c\000s\000\040\000M\000o\000t\000i\000v\000a\000t\000i\000o\000n}{section*.2}% 3
\BOOKMARK [1][-]{section*.3}{\376\377\000B\000a\000c\000k\000g\000r\000o\000u\000n\000d\000\040\000a\000n\000d\000\040\000R\000e\000l\000a\000t\000e\000d\000\040\000W\000o\000r\000k}{section*.2}% 4
\BOOKMARK [2][-]{section*.4}{\376\377\000P\000h\000y\000s\000i\000c\000s\000\040\000B\000a\000c\000k\000g\000r\000o\000u\000n\000d}{section*.3}% 5
\BOOKMARK [2][-]{equation.0.3}{\376\377\000P\000r\000i\000o\000r\000\040\000W\000o\000r\000k}{section*.3}% 6
\BOOKMARK [1][-]{equation.0.3}{\376\377\000M\000o\000n\000t\000e\000\040\000C\000a\000r\000l\000o\000\040\000M\000e\000t\000h\000o\000d}{section*.2}% 7
\BOOKMARK [2][-]{section*.5}{\376\377\000M\000e\000t\000r\000o\000p\000o\000l\000i\000s\000\040\000a\000l\000g\000o\000r\000i\000t\000h\000m\000\040\000a\000n\000d\000\040\000d\000e\000t\000a\000i\000l\000e\000d\000\040\000b\000a\000l\000a\000n\000c\000e}{equation.0.3}% 8
\BOOKMARK [2][-]{equation.0.7}{\376\377\000A\000u\000t\000o\000c\000o\000r\000r\000e\000l\000a\000t\000i\000o\000n\000\040\000a\000n\000d\000\040\000e\000f\000f\000e\000c\000t\000i\000v\000e\000\040\000s\000a\000m\000p\000l\000e\000\040\000s\000i\000z\000e}{equation.0.3}% 9
\BOOKMARK [1][-]{equation.0.10}{\376\377\000A\000u\000t\000o\000c\000o\000r\000r\000e\000l\000a\000t\000i\000o\000n\000\040\000T\000i\000m\000e\000\040\000a\000n\000d\000\040\000C\000r\000i\000t\000i\000c\000a\000l\000\040\000S\000l\000o\000w\000i\000n\000g\000\040\000D\000o\000w\000n}{section*.2}% 10
\BOOKMARK [1][-]{figure.caption.8}{\376\377\000F\000i\000n\000i\000t\000e\000-\000S\000i\000z\000e\000\040\000E\000f\000f\000e\000c\000t\000s}{section*.2}% 11
\BOOKMARK [1][-]{figure.caption.9}{\376\377\000S\000u\000m\000m\000a\000r\000y\000\040\000f\000o\000r\000\040\000M\000e\000t\000r\000o\000p\000o\000l\000i\000s\000\040\000A\000l\000g\000o\000r\000i\000t\000h\000m}{section*.2}% 12
\BOOKMARK [1][-]{figure.caption.9}{\376\377\000W\000o\000l\000f\000f\000\040\000C\000l\000u\000s\000t\000e\000r\000\040\000A\000l\000g\000o\000r\000i\000t\000h\000m}{section*.2}% 13
\BOOKMARK [2][-]{section*.10}{\376\377\000B\000a\000s\000i\000c\000\040\000I\000d\000e\000a\000:\000\040\000F\000r\000o\000m\000\040\000S\000p\000i\000n\000\040\000R\000e\000p\000r\000e\000s\000e\000n\000t\000a\000t\000i\000o\000n\000\040\000t\000o\000\040\000B\000o\000n\000d\000\040\000R\000e\000p\000r\000e\000s\000e\000n\000t\000a\000t\000i\000o\000n}{figure.caption.9}% 14
\BOOKMARK [2][-]{equation.0.13}{\376\377\000U\000p\000d\000a\000t\000e\000\040\000S\000t\000e\000p\000s\000\040\000o\000f\000\040\000t\000h\000e\000\040\000W\000o\000l\000f\000f\000\040\000A\000l\000g\000o\000r\000i\000t\000h\000m}{figure.caption.9}% 15
\BOOKMARK [2][-]{figure.caption.11}{\376\377\000D\000e\000t\000a\000i\000l\000e\000d\000\040\000B\000a\000l\000a\000n\000c\000e\000\040\000a\000n\000d\000\040\000B\000o\000n\000d\000\040\000P\000r\000o\000b\000a\000b\000i\000l\000i\000t\000y}{figure.caption.9}% 16
\BOOKMARK [2][-]{equation.0.15}{\376\377\000C\000r\000i\000t\000i\000c\000a\000l\000\040\000S\000l\000o\000w\000i\000n\000g\000\040\000D\000o\000w\000n\000\040\000a\000n\000d\000\040\000D\000y\000n\000a\000m\000i\000c\000a\000l\000\040\000A\000d\000v\000a\000n\000t\000a\000g\000e}{figure.caption.9}% 17
\BOOKMARK [1][-]{equation.0.17}{\376\377\000B\000a\000s\000i\000c\000\040\000I\000m\000p\000l\000e\000m\000e\000n\000t\000a\000t\000i\000o\000n\000\040\000o\000f\000\040\000t\000h\000e\000\040\000W\000o\000l\000f\000f\000\040\000C\000l\000u\000s\000t\000e\000r\000\040\000A\000l\000g\000o\000r\000i\000t\000h\000m}{section*.2}% 18
\BOOKMARK [2][-]{section*.12}{\376\377\000C\000o\000r\000e\000\040\000W\000o\000l\000f\000f\000\040\000U\000p\000d\000a\000t\000e}{equation.0.17}% 19
\BOOKMARK [2][-]{lstnumber.3.21}{\376\377\000M\000e\000a\000s\000u\000r\000e\000d\000\040\000O\000b\000s\000e\000r\000v\000a\000b\000l\000e\000s\000\040\000a\000n\000d\000\040\000N\000u\000m\000e\000r\000i\000c\000a\000l\000\040\000D\000i\000a\000g\000n\000o\000s\000t\000i\000c\000s}{equation.0.17}% 20
\BOOKMARK [1][-]{lstnumber.3.21}{\376\377\000L\000i\000n\000e\000a\000r\000\040\000A\000n\000n\000e\000a\000l\000i\000n\000g\000\040\000i\000n\000\040\000t\000h\000e\000\040\000W\000o\000l\000f\000f\000\040\000C\000l\000u\000s\000t\000e\000r\000\040\000A\000l\000g\000o\000r\000i\000t\000h\000m}{section*.2}% 21
\BOOKMARK [2][-]{equation.0.22}{\376\377\000I\000m\000p\000l\000e\000m\000e\000n\000t\000a\000t\000i\000o\000n\000\040\000o\000f\000\040\000L\000i\000n\000e\000a\000r\000\040\000A\000n\000n\000e\000a\000l\000i\000n\000g}{lstnumber.3.21}% 22
\BOOKMARK [2][-]{lstnumber.8.19}{\376\377\000A\000n\000n\000e\000a\000l\000i\000n\000g\000\040\000C\000o\000m\000p\000a\000r\000i\000s\000o\000n\000\040\000f\000o\000r\000\040\000D\000i\000f\000f\000e\000r\000e\000n\000t\000\040\000C\000o\000o\000l\000i\000n\000g\000\040\000R\000a\000t\000e\000s}{lstnumber.3.21}% 23
\BOOKMARK [2][-]{lstnumber.9.9}{\376\377\000E\000n\000e\000r\000g\000y\000\040\000v\000s\000\040\000T\000e\000m\000p\000e\000r\000a\000t\000u\000r\000e}{lstnumber.3.21}% 24
\BOOKMARK [2][-]{lstnumber.10.15}{\376\377\000M\000a\000g\000n\000e\000t\000i\000z\000a\000t\000i\000o\000n\000\040\000v\000s\000\040\000T\000e\000m\000p\000e\000r\000a\000t\000u\000r\000e}{lstnumber.3.21}% 25
\BOOKMARK [2][-]{lstnumber.11.14}{\376\377\000D\000i\000s\000c\000u\000s\000s\000i\000o\000n}{lstnumber.3.21}% 26
\BOOKMARK [1][-]{lstnumber.11.14}{\376\377\000A\000n\000a\000l\000y\000s\000i\000s\000\040\000o\000f\000\040\000W\000o\000l\000f\000f\000\040\000A\000l\000g\000o\000r\000i\000t\000h\000m}{section*.2}% 27
\BOOKMARK [1][-]{figure.caption.16}{\376\377\000F\000i\000n\000i\000t\000e\000\040\000S\000i\000z\000e\000\040\000S\000c\000a\000l\000i\000n\000g\000\040\000a\000n\000d\000\040\000D\000a\000t\000a\000\040\000C\000o\000l\000l\000a\000p\000s\000e\000\040\000\050\000W\000o\000l\000f\000f\000\040\000A\000l\000g\000o\000r\000i\000t\000h\000m\000\051}{section*.2}% 28
\BOOKMARK [1][-]{figure.caption.18}{\376\377\000D\000i\000s\000c\000u\000s\000s\000i\000o\000n\000s}{section*.2}% 29
\BOOKMARK [1][-]{figure.caption.18}{\376\377\000C\000o\000m\000p\000u\000t\000a\000t\000i\000o\000n\000a\000l\000\040\000T\000e\000c\000h\000n\000i\000q\000u\000e\000s\000,\000\040\000R\000e\000p\000r\000o\000d\000u\000c\000i\000b\000i\000l\000i\000t\000y\000,\000\040\000a\000n\000d\000\040\000C\000o\000d\000e\000\040\000A\000v\000a\000i\000l\000a\000b\000i\000l\000i\000t\000y}{section*.2}% 30
\BOOKMARK [1][-]{figure.caption.18}{\376\377\000C\000o\000n\000c\000l\000u\000s\000i\000o\000n\000s\000\040\000a\000n\000d\000\040\000F\000u\000t\000u\000r\000e\000\040\000W\000o\000r\000k}{section*.2}% 31
\BOOKMARK [1][-]{section*.19}{\376\377\000R\000e\000f\000e\000r\000e\000n\000c\000e\000s}{section*.2}% 32
